<?xml version="1.0" encoding="UTF-8"?>
<coverage generated="1681223710602" clover="3.2.0">
  <project timestamp="1681223710602" name="All files">
    <metrics statements="77" coveredstatements="65" conditionals="10" coveredconditionals="10" methods="30" coveredmethods="22" elements="117" coveredelements="97" complexity="0" loc="77" ncloc="77" packages="2" files="5" classes="5"/>
    <package name="poc">
      <metrics statements="50" coveredstatements="46" conditionals="10" coveredconditionals="10" methods="18" coveredmethods="14"/>
      <file name="transaction.executor.mocks.ts" path="/Users/VSILVA/Documents/pocs/saga-pattern/poc/transaction.executor.mocks.ts">
        <metrics statements="17" coveredstatements="13" conditionals="0" coveredconditionals="0" methods="12" coveredmethods="8"/>
        <line num="1" count="1" type="stmt"/>
        <line num="4" count="1" type="stmt"/>
        <line num="7" count="4" type="stmt"/>
        <line num="11" count="4" type="stmt"/>
        <line num="15" count="0" type="stmt"/>
        <line num="19" count="1" type="stmt"/>
        <line num="22" count="1" type="stmt"/>
        <line num="26" count="0" type="stmt"/>
        <line num="30" count="1" type="stmt"/>
        <line num="34" count="1" type="stmt"/>
        <line num="37" count="1" type="stmt"/>
        <line num="41" count="1" type="stmt"/>
        <line num="45" count="0" type="stmt"/>
        <line num="49" count="1" type="stmt"/>
        <line num="52" count="1" type="stmt"/>
        <line num="56" count="1" type="stmt"/>
        <line num="60" count="0" type="stmt"/>
      </file>
      <file name="transaction.executor.ts" path="/Users/VSILVA/Documents/pocs/saga-pattern/poc/transaction.executor.ts">
        <metrics statements="33" coveredstatements="33" conditionals="10" coveredconditionals="10" methods="6" coveredmethods="6"/>
        <line num="3" count="1" type="cond" truecount="2" falsecount="0"/>
        <line num="4" count="1" type="stmt"/>
        <line num="5" count="1" type="stmt"/>
        <line num="6" count="1" type="stmt"/>
        <line num="9" count="1" type="cond" truecount="2" falsecount="0"/>
        <line num="10" count="1" type="stmt"/>
        <line num="11" count="1" type="stmt"/>
        <line num="21" count="1" type="stmt"/>
        <line num="25" count="10" type="cond" truecount="4" falsecount="0"/>
        <line num="29" count="10" type="stmt"/>
        <line num="31" count="10" type="stmt"/>
        <line num="32" count="18" type="stmt"/>
        <line num="33" count="18" type="stmt"/>
        <line num="34" count="12" type="stmt"/>
        <line num="40" count="6" type="stmt"/>
        <line num="41" count="6" type="stmt"/>
        <line num="42" count="6" type="stmt"/>
        <line num="46" count="10" type="stmt"/>
        <line num="50" count="6" type="stmt"/>
        <line num="51" count="6" type="stmt"/>
        <line num="52" count="6" type="stmt"/>
        <line num="53" count="5" type="cond" truecount="2" falsecount="0"/>
        <line num="54" count="4" type="stmt"/>
        <line num="55" count="4" type="stmt"/>
        <line num="62" count="1" type="stmt"/>
        <line num="71" count="1" type="stmt"/>
        <line num="82" count="4" type="stmt"/>
        <line num="84" count="4" type="stmt"/>
        <line num="85" count="5" type="stmt"/>
        <line num="86" count="5" type="stmt"/>
        <line num="87" count="4" type="stmt"/>
        <line num="96" count="1" type="stmt"/>
        <line num="104" count="4" type="stmt"/>
      </file>
    </package>
    <package name="poc.transactions">
      <metrics statements="27" coveredstatements="19" conditionals="0" coveredconditionals="0" methods="12" coveredmethods="8"/>
      <file name="action-one.transaction.ts" path="/Users/VSILVA/Documents/pocs/saga-pattern/poc/transactions/action-one.transaction.ts">
        <metrics statements="9" coveredstatements="7" conditionals="0" coveredconditionals="0" methods="4" coveredmethods="3"/>
        <line num="1" count="1" type="stmt"/>
        <line num="4" count="1" type="stmt"/>
        <line num="7" count="6" type="stmt"/>
        <line num="8" count="6" type="stmt"/>
        <line num="12" count="0" type="stmt"/>
        <line num="13" count="0" type="stmt"/>
        <line num="17" count="3" type="stmt"/>
        <line num="18" count="3" type="stmt"/>
        <line num="22" count="18" type="stmt"/>
      </file>
      <file name="action-three.transaction.ts" path="/Users/VSILVA/Documents/pocs/saga-pattern/poc/transactions/action-three.transaction.ts">
        <metrics statements="9" coveredstatements="5" conditionals="0" coveredconditionals="0" methods="4" coveredmethods="2"/>
        <line num="1" count="1" type="stmt"/>
        <line num="4" count="1" type="stmt"/>
        <line num="7" count="1" type="stmt"/>
        <line num="8" count="1" type="stmt"/>
        <line num="12" count="0" type="stmt"/>
        <line num="13" count="0" type="stmt"/>
        <line num="17" count="0" type="stmt"/>
        <line num="18" count="0" type="stmt"/>
        <line num="22" count="2" type="stmt"/>
      </file>
      <file name="action-two.transaction.ts" path="/Users/VSILVA/Documents/pocs/saga-pattern/poc/transactions/action-two.transaction.ts">
        <metrics statements="9" coveredstatements="7" conditionals="0" coveredconditionals="0" methods="4" coveredmethods="3"/>
        <line num="1" count="1" type="stmt"/>
        <line num="4" count="1" type="stmt"/>
        <line num="7" count="4" type="stmt"/>
        <line num="8" count="4" type="stmt"/>
        <line num="12" count="0" type="stmt"/>
        <line num="13" count="0" type="stmt"/>
        <line num="17" count="1" type="stmt"/>
        <line num="18" count="1" type="stmt"/>
        <line num="22" count="10" type="stmt"/>
      </file>
    </package>
  </project>
</coverage>
