{"/Users/VSILVA/Documents/pocs/saga-pattern/poc/transaction.executor.mocks.ts": {"path":"/Users/VSILVA/Documents/pocs/saga-pattern/poc/transaction.executor.mocks.ts","statementMap":{"0":{"start":{"line":1,"column":0},"end":{"line":1,"column":58}},"1":{"start":{"line":7,"column":8},"end":{"line":7,"column":53}},"2":{"start":{"line":11,"column":8},"end":{"line":11,"column":60}},"3":{"start":{"line":15,"column":8},"end":{"line":15,"column":33}},"4":{"start":{"line":4,"column":0},"end":{"line":4,"column":13}},"5":{"start":{"line":22,"column":8},"end":{"line":22,"column":33}},"6":{"start":{"line":26,"column":8},"end":{"line":26,"column":60}},"7":{"start":{"line":30,"column":8},"end":{"line":30,"column":47}},"8":{"start":{"line":19,"column":0},"end":{"line":19,"column":13}},"9":{"start":{"line":37,"column":8},"end":{"line":37,"column":53}},"10":{"start":{"line":41,"column":8},"end":{"line":41,"column":49}},"11":{"start":{"line":45,"column":8},"end":{"line":45,"column":33}},"12":{"start":{"line":34,"column":0},"end":{"line":34,"column":13}},"13":{"start":{"line":52,"column":8},"end":{"line":52,"column":53}},"14":{"start":{"line":56,"column":8},"end":{"line":56,"column":63}},"15":{"start":{"line":60,"column":8},"end":{"line":60,"column":33}},"16":{"start":{"line":49,"column":0},"end":{"line":49,"column":13}}},"fnMap":{"0":{"name":"(anonymous_0)","decl":{"start":{"line":6,"column":4},"end":{"line":6,"column":10}},"loc":{"start":{"line":6,"column":23},"end":{"line":8,"column":5}}},"1":{"name":"(anonymous_1)","decl":{"start":{"line":10,"column":4},"end":{"line":10,"column":16}},"loc":{"start":{"line":10,"column":29},"end":{"line":12,"column":5}}},"2":{"name":"(anonymous_2)","decl":{"start":{"line":14,"column":4},"end":{"line":14,"column":14}},"loc":{"start":{"line":14,"column":27},"end":{"line":16,"column":5}}},"3":{"name":"(anonymous_3)","decl":{"start":{"line":21,"column":4},"end":{"line":21,"column":10}},"loc":{"start":{"line":21,"column":23},"end":{"line":23,"column":5}}},"4":{"name":"(anonymous_4)","decl":{"start":{"line":25,"column":4},"end":{"line":25,"column":16}},"loc":{"start":{"line":25,"column":29},"end":{"line":27,"column":5}}},"5":{"name":"(anonymous_5)","decl":{"start":{"line":29,"column":4},"end":{"line":29,"column":14}},"loc":{"start":{"line":29,"column":27},"end":{"line":31,"column":5}}},"6":{"name":"(anonymous_6)","decl":{"start":{"line":36,"column":4},"end":{"line":36,"column":10}},"loc":{"start":{"line":36,"column":23},"end":{"line":38,"column":5}}},"7":{"name":"(anonymous_7)","decl":{"start":{"line":40,"column":4},"end":{"line":40,"column":16}},"loc":{"start":{"line":40,"column":29},"end":{"line":42,"column":5}}},"8":{"name":"(anonymous_8)","decl":{"start":{"line":44,"column":4},"end":{"line":44,"column":14}},"loc":{"start":{"line":44,"column":27},"end":{"line":46,"column":5}}},"9":{"name":"(anonymous_9)","decl":{"start":{"line":51,"column":4},"end":{"line":51,"column":10}},"loc":{"start":{"line":51,"column":23},"end":{"line":53,"column":5}}},"10":{"name":"(anonymous_10)","decl":{"start":{"line":55,"column":4},"end":{"line":55,"column":16}},"loc":{"start":{"line":55,"column":29},"end":{"line":57,"column":5}}},"11":{"name":"(anonymous_11)","decl":{"start":{"line":59,"column":4},"end":{"line":59,"column":14}},"loc":{"start":{"line":59,"column":27},"end":{"line":61,"column":5}}}},"branchMap":{},"s":{"0":1,"1":4,"2":4,"3":0,"4":1,"5":1,"6":0,"7":1,"8":1,"9":1,"10":1,"11":0,"12":1,"13":1,"14":1,"15":0,"16":1},"f":{"0":4,"1":4,"2":0,"3":1,"4":0,"5":1,"6":1,"7":1,"8":0,"9":1,"10":1,"11":0},"b":{}}
,"/Users/VSILVA/Documents/pocs/saga-pattern/poc/transaction.executor.ts": {"path":"/Users/VSILVA/Documents/pocs/saga-pattern/poc/transaction.executor.ts","statementMap":{"0":{"start":{"line":3,"column":0},"end":{"line":3,"column":null}},"1":{"start":{"line":4,"column":4},"end":{"line":4,"column":null}},"2":{"start":{"line":5,"column":4},"end":{"line":5,"column":null}},"3":{"start":{"line":6,"column":4},"end":{"line":6,"column":null}},"4":{"start":{"line":9,"column":0},"end":{"line":9,"column":null}},"5":{"start":{"line":10,"column":4},"end":{"line":10,"column":null}},"6":{"start":{"line":11,"column":4},"end":{"line":11,"column":null}},"7":{"start":{"line":25,"column":8},"end":{"line":25,"column":47}},"8":{"start":{"line":29,"column":23},"end":{"line":29,"column":25}},"9":{"start":{"line":31,"column":8},"end":{"line":44,"column":null}},"10":{"start":{"line":31,"column":25},"end":{"line":31,"column":26}},"11":{"start":{"line":32,"column":12},"end":{"line":43,"column":null}},"12":{"start":{"line":33,"column":31},"end":{"line":33,"column":77}},"13":{"start":{"line":34,"column":16},"end":{"line":38,"column":19}},"14":{"start":{"line":40,"column":16},"end":{"line":40,"column":48}},"15":{"start":{"line":41,"column":16},"end":{"line":41,"column":70}},"16":{"start":{"line":42,"column":16},"end":{"line":42,"column":22}},"17":{"start":{"line":46,"column":8},"end":{"line":46,"column":22}},"18":{"start":{"line":50,"column":26},"end":{"line":50,"column":33}},"19":{"start":{"line":51,"column":8},"end":{"line":78,"column":null}},"20":{"start":{"line":52,"column":31},"end":{"line":52,"column":83}},"21":{"start":{"line":53,"column":12},"end":{"line":69,"column":null}},"22":{"start":{"line":54,"column":43},"end":{"line":54,"column":108}},"23":{"start":{"line":55,"column":16},"end":{"line":60,"column":19}},"24":{"start":{"line":62,"column":16},"end":{"line":68,"column":19}},"25":{"start":{"line":71,"column":12},"end":{"line":77,"column":15}},"26":{"start":{"line":82,"column":23},"end":{"line":82,"column":25}},"27":{"start":{"line":84,"column":8},"end":{"line":102,"column":null}},"28":{"start":{"line":84,"column":25},"end":{"line":84,"column":26}},"29":{"start":{"line":85,"column":12},"end":{"line":101,"column":null}},"30":{"start":{"line":86,"column":31},"end":{"line":86,"column":69}},"31":{"start":{"line":87,"column":16},"end":{"line":91,"column":19}},"32":{"start":{"line":96,"column":16},"end":{"line":100,"column":null}},"33":{"start":{"line":104,"column":8},"end":{"line":104,"column":22}},"34":{"start":{"line":21,"column":0},"end":{"line":21,"column":13}}},"fnMap":{"0":{"name":"(anonymous_7)","decl":{"start":{"line":3,"column":0},"end":{"line":3,"column":12}},"loc":{"start":{"line":3,"column":27},"end":{"line":7,"column":1}}},"1":{"name":"(anonymous_8)","decl":{"start":{"line":9,"column":0},"end":{"line":9,"column":12}},"loc":{"start":{"line":9,"column":28},"end":{"line":12,"column":1}}},"2":{"name":"(anonymous_9)","decl":{"start":{"line":24,"column":4},"end":{"line":24,"column":16}},"loc":{"start":{"line":24,"column":44},"end":{"line":26,"column":5}}},"3":{"name":"(anonymous_10)","decl":{"start":{"line":28,"column":17},"end":{"line":28,"column":23}},"loc":{"start":{"line":28,"column":36},"end":{"line":47,"column":null}}},"4":{"name":"(anonymous_12)","decl":{"start":{"line":49,"column":18},"end":{"line":49,"column":36}},"loc":{"start":{"line":49,"column":81},"end":{"line":79,"column":null}}},"5":{"name":"(anonymous_14)","decl":{"start":{"line":81,"column":18},"end":{"line":81,"column":28}},"loc":{"start":{"line":81,"column":63},"end":{"line":105,"column":null}}}},"branchMap":{"0":{"loc":{"start":{"line":3,"column":12},"end":{"line":3,"column":null}},"type":"binary-expr","locations":[{"start":{"line":3,"column":12},"end":{"line":3,"column":27}},{"start":{"line":3,"column":12},"end":{"line":3,"column":null}}]},"1":{"loc":{"start":{"line":9,"column":12},"end":{"line":9,"column":null}},"type":"binary-expr","locations":[{"start":{"line":9,"column":12},"end":{"line":9,"column":28}},{"start":{"line":9,"column":12},"end":{"line":9,"column":null}}]},"2":{"loc":{"start":{"line":25,"column":28},"end":{"line":25,"column":46}},"type":"cond-expr","locations":[{"start":{"line":25,"column":28},"end":{"line":25,"column":40}},{"start":{"line":25,"column":44},"end":{"line":25,"column":46}}]},"3":{"loc":{"start":{"line":25,"column":28},"end":{"line":25,"column":44}},"type":"binary-expr","locations":[{"start":{"line":25,"column":28},"end":{"line":25,"column":44}},{"start":{"line":25,"column":28},"end":{"line":25,"column":44}}]},"4":{"loc":{"start":{"line":53,"column":12},"end":{"line":69,"column":null}},"type":"if","locations":[{"start":{"line":53,"column":12},"end":{"line":69,"column":null}},{"start":{"line":61,"column":19},"end":{"line":69,"column":null}}]}},"s":{"0":1,"1":1,"2":1,"3":1,"4":1,"5":1,"6":1,"7":10,"8":10,"9":10,"10":10,"11":18,"12":18,"13":12,"14":6,"15":6,"16":6,"17":10,"18":6,"19":6,"20":6,"21":5,"22":4,"23":4,"24":1,"25":1,"26":4,"27":4,"28":4,"29":5,"30":5,"31":4,"32":1,"33":4,"34":1},"f":{"0":1,"1":1,"2":10,"3":10,"4":6,"5":4},"b":{"0":[1,1],"1":[1,1],"2":[8,2],"3":[10,9],"4":[4,1]}}
,"/Users/VSILVA/Documents/pocs/saga-pattern/poc/transactions/action-one.transaction.ts": {"path":"/Users/VSILVA/Documents/pocs/saga-pattern/poc/transactions/action-one.transaction.ts","statementMap":{"0":{"start":{"line":1,"column":0},"end":{"line":1,"column":59}},"1":{"start":{"line":7,"column":8},"end":{"line":7,"column":39}},"2":{"start":{"line":8,"column":8},"end":{"line":8,"column":33}},"3":{"start":{"line":12,"column":8},"end":{"line":12,"column":47}},"4":{"start":{"line":13,"column":8},"end":{"line":13,"column":60}},"5":{"start":{"line":17,"column":8},"end":{"line":17,"column":43}},"6":{"start":{"line":18,"column":8},"end":{"line":18,"column":33}},"7":{"start":{"line":22,"column":8},"end":{"line":22,"column":41}},"8":{"start":{"line":4,"column":0},"end":{"line":4,"column":13}}},"fnMap":{"0":{"name":"(anonymous_0)","decl":{"start":{"line":6,"column":4},"end":{"line":6,"column":10}},"loc":{"start":{"line":6,"column":20},"end":{"line":9,"column":5}}},"1":{"name":"(anonymous_1)","decl":{"start":{"line":11,"column":4},"end":{"line":11,"column":16}},"loc":{"start":{"line":11,"column":26},"end":{"line":14,"column":5}}},"2":{"name":"(anonymous_2)","decl":{"start":{"line":16,"column":4},"end":{"line":16,"column":14}},"loc":{"start":{"line":16,"column":24},"end":{"line":19,"column":5}}},"3":{"name":"(anonymous_3)","decl":{"start":{"line":21,"column":4},"end":{"line":21,"column":12}},"loc":{"start":{"line":21,"column":12},"end":{"line":23,"column":5}}}},"branchMap":{},"s":{"0":1,"1":6,"2":6,"3":0,"4":0,"5":3,"6":3,"7":18,"8":1},"f":{"0":6,"1":0,"2":3,"3":18},"b":{}}
,"/Users/VSILVA/Documents/pocs/saga-pattern/poc/transactions/action-three.transaction.ts": {"path":"/Users/VSILVA/Documents/pocs/saga-pattern/poc/transactions/action-three.transaction.ts","statementMap":{"0":{"start":{"line":1,"column":0},"end":{"line":1,"column":59}},"1":{"start":{"line":7,"column":8},"end":{"line":7,"column":39}},"2":{"start":{"line":8,"column":8},"end":{"line":8,"column":33}},"3":{"start":{"line":12,"column":8},"end":{"line":12,"column":47}},"4":{"start":{"line":13,"column":8},"end":{"line":13,"column":60}},"5":{"start":{"line":17,"column":8},"end":{"line":17,"column":43}},"6":{"start":{"line":18,"column":8},"end":{"line":18,"column":33}},"7":{"start":{"line":22,"column":8},"end":{"line":22,"column":43}},"8":{"start":{"line":4,"column":0},"end":{"line":4,"column":13}}},"fnMap":{"0":{"name":"(anonymous_0)","decl":{"start":{"line":6,"column":4},"end":{"line":6,"column":10}},"loc":{"start":{"line":6,"column":20},"end":{"line":9,"column":5}}},"1":{"name":"(anonymous_1)","decl":{"start":{"line":11,"column":4},"end":{"line":11,"column":16}},"loc":{"start":{"line":11,"column":26},"end":{"line":14,"column":5}}},"2":{"name":"(anonymous_2)","decl":{"start":{"line":16,"column":4},"end":{"line":16,"column":14}},"loc":{"start":{"line":16,"column":24},"end":{"line":19,"column":5}}},"3":{"name":"(anonymous_3)","decl":{"start":{"line":21,"column":4},"end":{"line":21,"column":12}},"loc":{"start":{"line":21,"column":12},"end":{"line":23,"column":5}}}},"branchMap":{},"s":{"0":1,"1":1,"2":1,"3":0,"4":0,"5":0,"6":0,"7":2,"8":1},"f":{"0":1,"1":0,"2":0,"3":2},"b":{}}
,"/Users/VSILVA/Documents/pocs/saga-pattern/poc/transactions/action-two.transaction.ts": {"path":"/Users/VSILVA/Documents/pocs/saga-pattern/poc/transactions/action-two.transaction.ts","statementMap":{"0":{"start":{"line":1,"column":0},"end":{"line":1,"column":59}},"1":{"start":{"line":7,"column":8},"end":{"line":7,"column":39}},"2":{"start":{"line":8,"column":8},"end":{"line":8,"column":33}},"3":{"start":{"line":12,"column":8},"end":{"line":12,"column":47}},"4":{"start":{"line":13,"column":8},"end":{"line":13,"column":60}},"5":{"start":{"line":17,"column":8},"end":{"line":17,"column":43}},"6":{"start":{"line":18,"column":8},"end":{"line":18,"column":33}},"7":{"start":{"line":22,"column":8},"end":{"line":22,"column":41}},"8":{"start":{"line":4,"column":0},"end":{"line":4,"column":13}}},"fnMap":{"0":{"name":"(anonymous_0)","decl":{"start":{"line":6,"column":4},"end":{"line":6,"column":10}},"loc":{"start":{"line":6,"column":20},"end":{"line":9,"column":5}}},"1":{"name":"(anonymous_1)","decl":{"start":{"line":11,"column":4},"end":{"line":11,"column":16}},"loc":{"start":{"line":11,"column":26},"end":{"line":14,"column":5}}},"2":{"name":"(anonymous_2)","decl":{"start":{"line":16,"column":4},"end":{"line":16,"column":14}},"loc":{"start":{"line":16,"column":24},"end":{"line":19,"column":5}}},"3":{"name":"(anonymous_3)","decl":{"start":{"line":21,"column":4},"end":{"line":21,"column":12}},"loc":{"start":{"line":21,"column":12},"end":{"line":23,"column":5}}}},"branchMap":{},"s":{"0":1,"1":4,"2":4,"3":0,"4":0,"5":1,"6":1,"7":10,"8":1},"f":{"0":4,"1":0,"2":1,"3":10},"b":{}}
}
