TN:
SF:transaction.executor.mocks.ts
FN:6,(anonymous_0)
FN:10,(anonymous_1)
FN:14,(anonymous_2)
FN:21,(anonymous_3)
FN:25,(anonymous_4)
FN:29,(anonymous_5)
FN:36,(anonymous_6)
FN:40,(anonymous_7)
FN:44,(anonymous_8)
FN:51,(anonymous_9)
FN:55,(anonymous_10)
FN:59,(anonymous_11)
FNF:12
FNH:8
FNDA:4,(anonymous_0)
FNDA:4,(anonymous_1)
FNDA:0,(anonymous_2)
FNDA:1,(anonymous_3)
FNDA:0,(anonymous_4)
FNDA:1,(anonymous_5)
FNDA:1,(anonymous_6)
FNDA:1,(anonymous_7)
FNDA:0,(anonymous_8)
FNDA:1,(anonymous_9)
FNDA:1,(anonymous_10)
FNDA:0,(anonymous_11)
DA:1,1
DA:4,1
DA:7,4
DA:11,4
DA:15,0
DA:19,1
DA:22,1
DA:26,0
DA:30,1
DA:34,1
DA:37,1
DA:41,1
DA:45,0
DA:49,1
DA:52,1
DA:56,1
DA:60,0
LF:17
LH:13
BRF:0
BRH:0
end_of_record
TN:
SF:transaction.executor.ts
FN:3,(anonymous_7)
FN:9,(anonymous_8)
FN:24,(anonymous_9)
FN:28,(anonymous_10)
FN:49,(anonymous_12)
FN:81,(anonymous_14)
FNF:6
FNH:6
FNDA:1,(anonymous_7)
FNDA:1,(anonymous_8)
FNDA:10,(anonymous_9)
FNDA:10,(anonymous_10)
FNDA:6,(anonymous_12)
FNDA:4,(anonymous_14)
DA:3,1
DA:4,1
DA:5,1
DA:6,1
DA:9,1
DA:10,1
DA:11,1
DA:21,1
DA:25,10
DA:29,10
DA:31,10
DA:32,18
DA:33,18
DA:34,12
DA:40,6
DA:41,6
DA:42,6
DA:46,10
DA:50,6
DA:51,6
DA:52,6
DA:53,5
DA:54,4
DA:55,4
DA:62,1
DA:71,1
DA:82,4
DA:84,4
DA:85,5
DA:86,5
DA:87,4
DA:96,1
DA:104,4
LF:33
LH:33
BRDA:3,0,0,1
BRDA:3,0,1,1
BRDA:9,1,0,1
BRDA:9,1,1,1
BRDA:25,2,0,8
BRDA:25,2,1,2
BRDA:25,3,0,10
BRDA:25,3,1,9
BRDA:53,4,0,4
BRDA:53,4,1,1
BRF:10
BRH:10
end_of_record
TN:
SF:transactions/action-one.transaction.ts
FN:6,(anonymous_0)
FN:11,(anonymous_1)
FN:16,(anonymous_2)
FN:21,(anonymous_3)
FNF:4
FNH:3
FNDA:6,(anonymous_0)
FNDA:0,(anonymous_1)
FNDA:3,(anonymous_2)
FNDA:18,(anonymous_3)
DA:1,1
DA:4,1
DA:7,6
DA:8,6
DA:12,0
DA:13,0
DA:17,3
DA:18,3
DA:22,18
LF:9
LH:7
BRF:0
BRH:0
end_of_record
TN:
SF:transactions/action-three.transaction.ts
FN:6,(anonymous_0)
FN:11,(anonymous_1)
FN:16,(anonymous_2)
FN:21,(anonymous_3)
FNF:4
FNH:2
FNDA:1,(anonymous_0)
FNDA:0,(anonymous_1)
FNDA:0,(anonymous_2)
FNDA:2,(anonymous_3)
DA:1,1
DA:4,1
DA:7,1
DA:8,1
DA:12,0
DA:13,0
DA:17,0
DA:18,0
DA:22,2
LF:9
LH:5
BRF:0
BRH:0
end_of_record
TN:
SF:transactions/action-two.transaction.ts
FN:6,(anonymous_0)
FN:11,(anonymous_1)
FN:16,(anonymous_2)
FN:21,(anonymous_3)
FNF:4
FNH:3
FNDA:4,(anonymous_0)
FNDA:0,(anonymous_1)
FNDA:1,(anonymous_2)
FNDA:10,(anonymous_3)
DA:1,1
DA:4,1
DA:7,4
DA:8,4
DA:12,0
DA:13,0
DA:17,1
DA:18,1
DA:22,10
LF:9
LH:7
BRF:0
BRH:0
end_of_record
